0 info it worked if it ends with ok
1 verbose cli [ '/Users/rafaelvidaurre/.nvm/v0.10.36/bin/node',
1 verbose cli   '/Users/rafaelvidaurre/.nvm/v0.10.36/bin/npm',
1 verbose cli   'publish' ]
2 info using npm@1.4.28
3 info using node@v0.10.36
4 verbose publish [ '.' ]
5 verbose cache add [ '.', null ]
6 verbose cache add name=undefined spec="." args=[".",null]
7 verbose parsed url { protocol: null,
7 verbose parsed url   slashes: null,
7 verbose parsed url   auth: null,
7 verbose parsed url   host: null,
7 verbose parsed url   port: null,
7 verbose parsed url   hostname: null,
7 verbose parsed url   hash: null,
7 verbose parsed url   search: null,
7 verbose parsed url   query: null,
7 verbose parsed url   pathname: '.',
7 verbose parsed url   path: '.',
7 verbose parsed url   href: '.' }
8 silly lockFile 3a52ce78- .
9 verbose lock . /Users/rafaelvidaurre/.npm/3a52ce78-.lock
10 verbose tar pack [ '/Users/rafaelvidaurre/.npm/finciero-account/2.0.0/package.tgz',
10 verbose tar pack   '.' ]
11 verbose tarball /Users/rafaelvidaurre/.npm/finciero-account/2.0.0/package.tgz
12 verbose folder .
13 info prepublish finciero-account@2.0.0
14 silly lockFile 1f1177db-tar tar://.
15 verbose lock tar://. /Users/rafaelvidaurre/.npm/1f1177db-tar.lock
16 silly lockFile a1204c39-nciero-account-2-0-0-package-tgz tar:///Users/rafaelvidaurre/.npm/finciero-account/2.0.0/package.tgz
17 verbose lock tar:///Users/rafaelvidaurre/.npm/finciero-account/2.0.0/package.tgz /Users/rafaelvidaurre/.npm/a1204c39-nciero-account-2-0-0-package-tgz.lock
18 silly lockFile 1f1177db-tar tar://.
19 silly lockFile 1f1177db-tar tar://.
20 silly lockFile a1204c39-nciero-account-2-0-0-package-tgz tar:///Users/rafaelvidaurre/.npm/finciero-account/2.0.0/package.tgz
21 silly lockFile a1204c39-nciero-account-2-0-0-package-tgz tar:///Users/rafaelvidaurre/.npm/finciero-account/2.0.0/package.tgz
22 silly lockFile 9728ea24-m-finciero-account-2-0-0-package /Users/rafaelvidaurre/.npm/finciero-account/2.0.0/package
23 verbose lock /Users/rafaelvidaurre/.npm/finciero-account/2.0.0/package /Users/rafaelvidaurre/.npm/9728ea24-m-finciero-account-2-0-0-package.lock
24 silly lockFile 9728ea24-m-finciero-account-2-0-0-package /Users/rafaelvidaurre/.npm/finciero-account/2.0.0/package
25 silly lockFile 9728ea24-m-finciero-account-2-0-0-package /Users/rafaelvidaurre/.npm/finciero-account/2.0.0/package
26 silly lockFile 3a52ce78- .
27 silly lockFile 3a52ce78- .
28 silly publish { name: 'finciero-account',
28 silly publish   version: '2.0.0',
28 silly publish   description: 'Bank account model for Finciero',
28 silly publish   main: 'account.js',
28 silly publish   scripts: { test: 'mocha' },
28 silly publish   repository:
28 silly publish    { type: 'git',
28 silly publish      url: 'https://github.com/Finciero/finciero-account.git' },
28 silly publish   author: { name: 'Rafael Vidaurre' },
28 silly publish   contributors: [ { name: 'Rodrigo Fuenzalida' } ],
28 silly publish   license: 'ISC',
28 silly publish   bugs: { url: 'https://github.com/Finciero/finciero-account/issues' },
28 silly publish   homepage: 'https://github.com/Finciero/finciero-account',
28 silly publish   dependencies: { lodash: '^3.8.0', validator: '2.0.0' },
28 silly publish   devDependencies: { chai: '^2.3.0' },
28 silly publish   readme: 'Account\n=======\n\nThis class handles validation and formatting of bank accounts to be\nused in Yakuza scripts\n\nRequiring\n=========\n\n```javascript\nAccount = require(\'./account\');\naccount = new Account() // Instance new account\n```\n\nSeters & getters\n----------------\nSetters and getters are functions with pattern matching, they behave as setters when an argument\nis given, otherwise they behave as getters.\n\n**Balance**\n\nMust be an Int or a Float\n\n```javascript\naccount.balance(103);\n```\n\n**Currency**\n\nIs a string, must be one of the following:\n\n- international\n- national\n\n```javascript\naccount.currency(\'international\');\n```\n\n**Name**\n\nMust be a non-empty string\n\n```javascripts\naccount.name(\'Super account\');\n```\n\n**Type**\n\nString, defaults to _normal_ and must be one of the following:\n\n- checking\n- credit\n- credit_line\n- vista\n\n```javascript\naccount.type(\'credit_line\');\n```\n\n\n**Uid and Vanity Uid**\n\nMust be a non-empty string\n\n```javascript\naccount.vanity(\'1234\'); // This works\naccount.vanityUid(\'1234\'); // This alias works too\n\naccount.uid(\'432143211234\');\n```\n\nBuilding the account\n--------------------\n\nOnce all attributes are set, you can use the `build` method to get a formatted, ready-to-go account\nobject\n\n\n```javascript\naccount.build(); // Returns {\'name\': \'Foo\', \'balance\': 0, ... }\n```\n',
28 silly publish   readmeFilename: 'Readme.md',
28 silly publish   gitHead: 'cd64dad12529720425c60e49f79d43df6b03324a',
28 silly publish   _id: 'finciero-account@2.0.0',
28 silly publish   _shasum: 'f8deadb7c5897b681aae0e364daa08504040867c',
28 silly publish   _from: '.' }
29 verbose request where is /finciero-account
30 verbose request registry https://registry.npmjs.org/
31 verbose request id 0243208571b34219
32 verbose url raw /finciero-account
33 verbose url resolving [ 'https://registry.npmjs.org/', './finciero-account' ]
34 verbose url resolved https://registry.npmjs.org/finciero-account
35 verbose request where is https://registry.npmjs.org/finciero-account
36 info trying registry request attempt 1 at 13:27:26
37 http PUT https://registry.npmjs.org/finciero-account
38 http 403 https://registry.npmjs.org/finciero-account
39 verbose headers { 'content-type': 'application/json',
39 verbose headers   'cache-control': 'max-age=60',
39 verbose headers   'content-length': '95',
39 verbose headers   'accept-ranges': 'bytes',
39 verbose headers   date: 'Wed, 20 May 2015 16:27:29 GMT',
39 verbose headers   via: '1.1 varnish',
39 verbose headers   connection: 'keep-alive',
39 verbose headers   'x-served-by': 'cache-lax1423-LAX',
39 verbose headers   'x-cache': 'MISS',
39 verbose headers   'x-cache-hits': '0',
39 verbose headers   'x-timer': 'S1432139249.009464,VS0,VE619' }
40 error publish Failed PUT 403
41 error Error: "You cannot publish over the previously published version 2.0.0." : finciero-account
41 error     at RegClient.<anonymous> (/Users/rafaelvidaurre/.nvm/v0.10.36/lib/node_modules/npm/node_modules/npm-registry-client/lib/request.js:308:14)
41 error     at Request._callback (/Users/rafaelvidaurre/.nvm/v0.10.36/lib/node_modules/npm/node_modules/npm-registry-client/lib/request.js:246:65)
41 error     at Request.self.callback (/Users/rafaelvidaurre/.nvm/v0.10.36/lib/node_modules/npm/node_modules/request/request.js:236:22)
41 error     at Request.emit (events.js:98:17)
41 error     at Request.<anonymous> (/Users/rafaelvidaurre/.nvm/v0.10.36/lib/node_modules/npm/node_modules/request/request.js:1142:14)
41 error     at Request.emit (events.js:117:20)
41 error     at IncomingMessage.<anonymous> (/Users/rafaelvidaurre/.nvm/v0.10.36/lib/node_modules/npm/node_modules/request/request.js:1096:12)
41 error     at IncomingMessage.emit (events.js:117:20)
41 error     at _stream_readable.js:944:16
41 error     at process._tickCallback (node.js:442:13)
42 error If you need help, you may report this *entire* log,
42 error including the npm and node versions, at:
42 error     <http://github.com/npm/npm/issues>
43 error System Darwin 14.3.0
44 error command "/Users/rafaelvidaurre/.nvm/v0.10.36/bin/node" "/Users/rafaelvidaurre/.nvm/v0.10.36/bin/npm" "publish"
45 error cwd /Users/rafaelvidaurre/Code/finciero-account
46 error node -v v0.10.36
47 error npm -v 1.4.28
48 verbose exit [ 1, true ]
